# JRE version: OpenJDK Runtime Environment (8.0_112-b06) (build 1.8.0_112-release-b06)
# Java VM: OpenJDK 64-Bit Server VM (25.112-b06 mixed mode windows-amd64 compressed oops)
Heap:
 PSYoungGen      total 755712K, used 755692K [0x000000076ab00000, 0x00000007a9500000, 0x00000007c0000000)
  eden space 589824K, 100% used [0x000000076ab00000,0x000000078eb00000,0x000000078eb00000)
  from space 165888K, 99% used [0x000000079f300000,0x00000007a94fb058,0x00000007a9500000)
  to   space 167424K, 58% used [0x000000078eb00000,0x0000000794a36370,0x0000000798e80000)
 ParOldGen       total 538112K, used 538110K [0x00000006c0000000, 0x00000006e0d80000, 0x000000076ab00000)
  object space 538112K, 99% used [0x00000006c0000000,0x00000006e0d7fac0,0x00000006e0d80000)
 Metaspace       used 6477K, capacity 7280K, committed 7552K, reserved 1056768K
  class space    used 588K, capacity 616K, committed 640K, reserved 1048576K
GC Heap History (10 events):
Event: 13.185 GC heap after
Heap after GC invocations=13 (full 2):
 PSYoungGen      total 657408K, used 84893K [0x000000076ab00000, 0x00000007a0f80000, 0x00000007c0000000)
  eden space 532480K, 0% used [0x000000076ab00000,0x000000076ab00000,0x000000078b300000)
  from space 124928K, 67% used [0x000000078b300000,0x00000007905e77d0,0x0000000792d00000)
  to   space 132096K, 0% used [0x0000000798e80000,0x0000000798e80000,0x00000007a0f80000)
 ParOldGen       total 302080K, used 238532K [0x00000006c0000000, 0x00000006d2700000, 0x000000076ab00000)
  object space 302080K, 78% used [0x00000006c0000000,0x00000006ce8f10c0,0x00000006d2700000)
 Metaspace       used 6466K, capacity 7280K, committed 7552K, reserved 1056768K
  class space    used 587K, capacity 616K, committed 640K, reserved 1048576K
}
Event: 14.960 GC heap before
{Heap before GC invocations=14 (full 2):
 PSYoungGen      total 657408K, used 617373K [0x000000076ab00000, 0x00000007a0f80000, 0x00000007c0000000)
  eden space 532480K, 100% used [0x000000076ab00000,0x000000078b300000,0x000000078b300000)
  from space 124928K, 67% used [0x000000078b300000,0x00000007905e77d0,0x0000000792d00000)
  to   space 132096K, 0% used [0x0000000798e80000,0x0000000798e80000,0x00000007a0f80000)
 ParOldGen       total 302080K, used 238532K [0x00000006c0000000, 0x00000006d2700000, 0x000000076ab00000)
  object space 302080K, 78% used [0x00000006c0000000,0x00000006ce8f10c0,0x00000006d2700000)
 Metaspace       used 6470K, capacity 7280K, committed 7552K, reserved 1056768K
  class space    used 587K, capacity 616K, committed 640K, reserved 1048576K
Event: 15.170 GC heap after
Heap after GC invocations=14 (full 2):
 PSYoungGen      total 721920K, used 132077K [0x000000076ab00000, 0x00000007a5a00000, 0x00000007c0000000)
  eden space 589824K, 0% used [0x000000076ab00000,0x000000076ab00000,0x000000078eb00000)
  from space 132096K, 99% used [0x0000000798e80000,0x00000007a0f7b608,0x00000007a0f80000)
  to   space 167424K, 0% used [0x000000078eb00000,0x000000078eb00000,0x0000000798e80000)
 ParOldGen       total 302080K, used 271809K [0x00000006c0000000, 0x00000006d2700000, 0x000000076ab00000)
  object space 302080K, 89% used [0x00000006c0000000,0x00000006d0970648,0x00000006d2700000)
 Metaspace       used 6470K, capacity 7280K, committed 7552K, reserved 1056768K
  class space    used 587K, capacity 616K, committed 640K, reserved 1048576K
}
Event: 15.170 GC heap before
{Heap before GC invocations=15 (full 3):
 PSYoungGen      total 721920K, used 132077K [0x000000076ab00000, 0x00000007a5a00000, 0x00000007c0000000)
  eden space 589824K, 0% used [0x000000076ab00000,0x000000076ab00000,0x000000078eb00000)
  from space 132096K, 99% used [0x0000000798e80000,0x00000007a0f7b608,0x00000007a0f80000)
  to   space 167424K, 0% used [0x000000078eb00000,0x000000078eb00000,0x0000000798e80000)
 ParOldGen       total 302080K, used 271809K [0x00000006c0000000, 0x00000006d2700000, 0x000000076ab00000)
  object space 302080K, 89% used [0x00000006c0000000,0x00000006d0970648,0x00000006d2700000)
 Metaspace       used 6470K, capacity 7280K, committed 7552K, reserved 1056768K
  class space    used 587K, capacity 616K, committed 640K, reserved 1048576K
Event: 16.702 GC heap after
Heap after GC invocations=15 (full 3):
 PSYoungGen      total 721920K, used 97447K [0x000000076ab00000, 0x00000007a5a00000, 0x00000007c0000000)
  eden space 589824K, 0% used [0x000000076ab00000,0x000000076ab00000,0x000000078eb00000)
  from space 132096K, 73% used [0x0000000798e80000,0x000000079eda9ce0,0x00000007a0f80000)
  to   space 167424K, 0% used [0x000000078eb00000,0x000000078eb00000,0x0000000798e80000)
 ParOldGen       total 495104K, used 301617K [0x00000006c0000000, 0x00000006de380000, 0x000000076ab00000)
  object space 495104K, 60% used [0x00000006c0000000,0x00000006d268c740,0x00000006de380000)
 Metaspace       used 6470K, capacity 7280K, committed 7552K, reserved 1056768K
  class space    used 587K, capacity 616K, committed 640K, reserved 1048576K
}
Event: 18.302 GC heap before
{Heap before GC invocations=16 (full 3):
 PSYoungGen      total 721920K, used 687271K [0x000000076ab00000, 0x00000007a5a00000, 0x00000007c0000000)
  eden space 589824K, 100% used [0x000000076ab00000,0x000000078eb00000,0x000000078eb00000)
  from space 132096K, 73% used [0x0000000798e80000,0x000000079eda9ce0,0x00000007a0f80000)
  to   space 167424K, 0% used [0x000000078eb00000,0x000000078eb00000,0x0000000798e80000)
 ParOldGen       total 495104K, used 301617K [0x00000006c0000000, 0x00000006de380000, 0x000000076ab00000)
  object space 495104K, 60% used [0x00000006c0000000,0x00000006d268c740,0x00000006de380000)
 Metaspace       used 6475K, capacity 7280K, committed 7552K, reserved 1056768K
  class space    used 588K, capacity 616K, committed 640K, reserved 1048576K
Event: 18.677 GC heap after
Heap after GC invocations=16 (full 3):
 PSYoungGen      total 757248K, used 83943K [0x000000076ab00000, 0x00000007a9500000, 0x00000007c0000000)
  eden space 589824K, 0% used [0x000000076ab00000,0x000000076ab00000,0x000000078eb00000)
  from space 167424K, 50% used [0x000000078eb00000,0x0000000793cf9f38,0x0000000798e80000)
  to   space 165888K, 0% used [0x000000079f300000,0x000000079f300000,0x00000007a9500000)
 ParOldGen       total 495104K, used 400023K [0x00000006c0000000, 0x00000006de380000, 0x000000076ab00000)
  object space 495104K, 80% used [0x00000006c0000000,0x00000006d86a5f30,0x00000006de380000)
 Metaspace       used 6475K, capacity 7280K, committed 7552K, reserved 1056768K
  class space    used 588K, capacity 616K, committed 640K, reserved 1048576K
}
Event: 20.128 GC heap before
{Heap before GC invocations=17 (full 3):
 PSYoungGen      total 757248K, used 673767K [0x000000076ab00000, 0x00000007a9500000, 0x00000007c0000000)
  eden space 589824K, 100% used [0x000000076ab00000,0x000000078eb00000,0x000000078eb00000)
  from space 167424K, 50% used [0x000000078eb00000,0x0000000793cf9f38,0x0000000798e80000)
  to   space 165888K, 0% used [0x000000079f300000,0x000000079f300000,0x00000007a9500000)
 ParOldGen       total 495104K, used 400023K [0x00000006c0000000, 0x00000006de380000, 0x000000076ab00000)
  object space 495104K, 80% used [0x00000006c0000000,0x00000006d86a5f30,0x00000006de380000)
 Metaspace       used 6476K, capacity 7280K, committed 7552K, reserved 1056768K
  class space    used 588K, capacity 616K, committed 640K, reserved 1048576K
Event: 20.392 GC heap after
Heap after GC invocations=17 (full 3):
 PSYoungGen      total 755712K, used 165868K [0x000000076ab00000, 0x00000007a9500000, 0x00000007c0000000)
  eden space 589824K, 0% used [0x000000076ab00000,0x000000076ab00000,0x000000078eb00000)
  from space 165888K, 99% used [0x000000079f300000,0x00000007a94fb058,0x00000007a9500000)
  to   space 167424K, 0% used [0x000000078eb00000,0x000000078eb00000,0x0000000798e80000)
 ParOldGen       total 495104K, used 403143K [0x00000006c0000000, 0x00000006de380000, 0x000000076ab00000)
  object space 495104K, 81% used [0x00000006c0000000,0x00000006d89b1cd0,0x00000006de380000)
 Metaspace       used 6476K, capacity 7280K, committed 7552K, reserved 1056768K
  class space    used 588K, capacity 616K, committed 640K, reserved 1048576K
}
Event: 22.014 GC heap before
{Heap before GC invocations=18 (full 3):
 PSYoungGen      total 755712K, used 755692K [0x000000076ab00000, 0x00000007a9500000, 0x00000007c0000000)
  eden space 589824K, 100% used [0x000000076ab00000,0x000000078eb00000,0x000000078eb00000)
  from space 165888K, 99% used [0x000000079f300000,0x00000007a94fb058,0x00000007a9500000)
  to   space 167424K, 0% used [0x000000078eb00000,0x000000078eb00000,0x0000000798e80000)
 ParOldGen       total 495104K, used 403143K [0x00000006c0000000, 0x00000006de380000, 0x000000076ab00000)
  object space 495104K, 81% used [0x00000006c0000000,0x00000006d89b1cd0,0x00000006de380000)
 Metaspace       used 6477K, capacity 7280K, committed 7552K, reserved 1056768K
  class space    used 588K, capacity 616K, committed 640K, reserved 1048576K

