# JRE version: OpenJDK Runtime Environment (8.0_112-b06) (build 1.8.0_112-release-b06)
# Java VM: OpenJDK 64-Bit Server VM (25.112-b06 mixed mode windows-amd64 compressed oops)
Heap:
 PSYoungGen      total 751616K, used 427695K [0x000000076ab00000, 0x00000007a8680000, 0x00000007c0000000)
  eden space 582144K, 59% used [0x000000076ab00000,0x000000077fb183f8,0x000000078e380000)
  from space 169472K, 49% used [0x000000078e380000,0x0000000793513948,0x0000000798900000)
  to   space 167424K, 0% used [0x000000079e300000,0x000000079e300000,0x00000007a8680000)
 ParOldGen       total 506880K, used 405677K [0x00000006c0000000, 0x00000006def00000, 0x000000076ab00000)
  object space 506880K, 80% used [0x00000006c0000000,0x00000006d8c2b608,0x00000006def00000)
 Metaspace       used 6433K, capacity 7280K, committed 7552K, reserved 1056768K
  class space    used 586K, capacity 616K, committed 640K, reserved 1048576K
GC Heap History (10 events):
Event: 9.407 GC heap before
{Heap before GC invocations=12 (full 2):
 PSYoungGen      total 626176K, used 90609K [0x000000076ab00000, 0x000000079cf80000, 0x00000007c0000000)
  eden space 535552K, 0% used [0x000000076ab00000,0x000000076ab00000,0x000000078b600000)
  from space 90624K, 99% used [0x0000000792f80000,0x00000007987fc428,0x0000000798800000)
  to   space 124416K, 0% used [0x000000078b600000,0x000000078b600000,0x0000000792f80000)
 ParOldGen       total 167424K, used 158584K [0x00000006c0000000, 0x00000006ca380000, 0x000000076ab00000)
  object space 167424K, 94% used [0x00000006c0000000,0x00000006c9ade150,0x00000006ca380000)
 Metaspace       used 6415K, capacity 7280K, committed 7552K, reserved 1056768K
  class space    used 585K, capacity 616K, committed 640K, reserved 1048576K
Event: 10.467 GC heap after
Heap after GC invocations=12 (full 2):
 PSYoungGen      total 626176K, used 72922K [0x000000076ab00000, 0x000000079cf80000, 0x00000007c0000000)
  eden space 535552K, 0% used [0x000000076ab00000,0x000000076ab00000,0x000000078b600000)
  from space 90624K, 80% used [0x0000000792f80000,0x00000007976b6938,0x0000000798800000)
  to   space 124416K, 0% used [0x000000078b600000,0x000000078b600000,0x0000000792f80000)
 ParOldGen       total 306176K, used 167305K [0x00000006c0000000, 0x00000006d2b00000, 0x000000076ab00000)
  object space 306176K, 54% used [0x00000006c0000000,0x00000006ca362780,0x00000006d2b00000)
 Metaspace       used 6415K, capacity 7280K, committed 7552K, reserved 1056768K
  class space    used 585K, capacity 616K, committed 640K, reserved 1048576K
}
Event: 12.426 GC heap before
{Heap before GC invocations=13 (full 2):
 PSYoungGen      total 626176K, used 608474K [0x000000076ab00000, 0x000000079cf80000, 0x00000007c0000000)
  eden space 535552K, 100% used [0x000000076ab00000,0x000000078b600000,0x000000078b600000)
  from space 90624K, 80% used [0x0000000792f80000,0x00000007976b6938,0x0000000798800000)
  to   space 124416K, 0% used [0x000000078b600000,0x000000078b600000,0x0000000792f80000)
 ParOldGen       total 306176K, used 167305K [0x00000006c0000000, 0x00000006d2b00000, 0x000000076ab00000)
  object space 306176K, 54% used [0x00000006c0000000,0x00000006ca362780,0x00000006d2b00000)
 Metaspace       used 6424K, capacity 7280K, committed 7552K, reserved 1056768K
  class space    used 586K, capacity 616K, committed 640K, reserved 1048576K
Event: 12.617 GC heap after
Heap after GC invocations=13 (full 2):
 PSYoungGen      total 659968K, used 85907K [0x000000076ab00000, 0x00000007a0a00000, 0x00000007c0000000)
  eden space 535552K, 0% used [0x000000076ab00000,0x000000076ab00000,0x000000078b600000)
  from space 124416K, 69% used [0x000000078b600000,0x00000007909e4d88,0x0000000792f80000)
  to   space 132096K, 0% used [0x0000000798900000,0x0000000798900000,0x00000007a0a00000)
 ParOldGen       total 306176K, used 240893K [0x00000006c0000000, 0x00000006d2b00000, 0x000000076ab00000)
  object space 306176K, 78% used [0x00000006c0000000,0x00000006ceb3f788,0x00000006d2b00000)
 Metaspace       used 6424K, capacity 7280K, committed 7552K, reserved 1056768K
  class space    used 586K, capacity 616K, committed 640K, reserved 1048576K
}
Event: 14.188 GC heap before
{Heap before GC invocations=14 (full 2):
 PSYoungGen      total 659968K, used 621459K [0x000000076ab00000, 0x00000007a0a00000, 0x00000007c0000000)
  eden space 535552K, 100% used [0x000000076ab00000,0x000000078b600000,0x000000078b600000)
  from space 124416K, 69% used [0x000000078b600000,0x00000007909e4d88,0x0000000792f80000)
  to   space 132096K, 0% used [0x0000000798900000,0x0000000798900000,0x00000007a0a00000)
 ParOldGen       total 306176K, used 240893K [0x00000006c0000000, 0x00000006d2b00000, 0x000000076ab00000)
  object space 306176K, 78% used [0x00000006c0000000,0x00000006ceb3f788,0x00000006d2b00000)
 Metaspace       used 6429K, capacity 7280K, committed 7552K, reserved 1056768K
  class space    used 586K, capacity 616K, committed 640K, reserved 1048576K
Event: 14.437 GC heap after
Heap after GC invocations=14 (full 2):
 PSYoungGen      total 714240K, used 132083K [0x000000076ab00000, 0x00000007a6280000, 0x00000007c0000000)
  eden space 582144K, 0% used [0x000000076ab00000,0x000000076ab00000,0x000000078e380000)
  from space 132096K, 99% used [0x0000000798900000,0x00000007a09fcf98,0x00000007a0a00000)
  to   space 169472K, 0% used [0x000000078e380000,0x000000078e380000,0x0000000798900000)
 ParOldGen       total 306176K, used 278756K [0x00000006c0000000, 0x00000006d2b00000, 0x000000076ab00000)
  object space 306176K, 91% used [0x00000006c0000000,0x00000006d1039360,0x00000006d2b00000)
 Metaspace       used 6429K, capacity 7280K, committed 7552K, reserved 1056768K
  class space    used 586K, capacity 616K, committed 640K, reserved 1048576K
}
Event: 14.437 GC heap before
{Heap before GC invocations=15 (full 3):
 PSYoungGen      total 714240K, used 132083K [0x000000076ab00000, 0x00000007a6280000, 0x00000007c0000000)
  eden space 582144K, 0% used [0x000000076ab00000,0x000000076ab00000,0x000000078e380000)
  from space 132096K, 99% used [0x0000000798900000,0x00000007a09fcf98,0x00000007a0a00000)
  to   space 169472K, 0% used [0x000000078e380000,0x000000078e380000,0x0000000798900000)
 ParOldGen       total 306176K, used 278756K [0x00000006c0000000, 0x00000006d2b00000, 0x000000076ab00000)
  object space 306176K, 91% used [0x00000006c0000000,0x00000006d1039360,0x00000006d2b00000)
 Metaspace       used 6429K, capacity 7280K, committed 7552K, reserved 1056768K
  class space    used 586K, capacity 616K, committed 640K, reserved 1048576K
Event: 16.104 GC heap after
Heap after GC invocations=15 (full 3):
 PSYoungGen      total 714240K, used 98961K [0x000000076ab00000, 0x00000007a6280000, 0x00000007c0000000)
  eden space 582144K, 0% used [0x000000076ab00000,0x000000076ab00000,0x000000078e380000)
  from space 132096K, 74% used [0x0000000798900000,0x000000079e9a4638,0x00000007a0a00000)
  to   space 169472K, 0% used [0x000000078e380000,0x000000078e380000,0x0000000798900000)
 ParOldGen       total 506880K, used 305740K [0x00000006c0000000, 0x00000006def00000, 0x000000076ab00000)
  object space 506880K, 60% used [0x00000006c0000000,0x00000006d2a930d0,0x00000006def00000)
 Metaspace       used 6429K, capacity 7280K, committed 7552K, reserved 1056768K
  class space    used 586K, capacity 616K, committed 640K, reserved 1048576K
}
Event: 17.448 GC heap before
{Heap before GC invocations=16 (full 3):
 PSYoungGen      total 714240K, used 681105K [0x000000076ab00000, 0x00000007a6280000, 0x00000007c0000000)
  eden space 582144K, 100% used [0x000000076ab00000,0x000000078e380000,0x000000078e380000)
  from space 132096K, 74% used [0x0000000798900000,0x000000079e9a4638,0x00000007a0a00000)
  to   space 169472K, 0% used [0x000000078e380000,0x000000078e380000,0x0000000798900000)
 ParOldGen       total 506880K, used 305740K [0x00000006c0000000, 0x00000006def00000, 0x000000076ab00000)
  object space 506880K, 60% used [0x00000006c0000000,0x00000006d2a930d0,0x00000006def00000)
 Metaspace       used 6432K, capacity 7280K, committed 7552K, reserved 1056768K
  class space    used 586K, capacity 616K, committed 640K, reserved 1048576K
Event: 17.695 GC heap after
Heap after GC invocations=16 (full 3):
 PSYoungGen      total 751616K, used 83534K [0x000000076ab00000, 0x00000007a8680000, 0x00000007c0000000)
  eden space 582144K, 0% used [0x000000076ab00000,0x000000076ab00000,0x000000078e380000)
  from space 169472K, 49% used [0x000000078e380000,0x0000000793513948,0x0000000798900000)
  to   space 167424K, 0% used [0x000000079e300000,0x000000079e300000,0x00000007a8680000)
 ParOldGen       total 506880K, used 405677K [0x00000006c0000000, 0x00000006def00000, 0x000000076ab00000)
  object space 506880K, 80% used [0x00000006c0000000,0x00000006d8c2b608,0x00000006def00000)
 Metaspace       used 6432K, capacity 7280K, committed 7552K, reserved 1056768K
  class space    used 586K, capacity 616K, committed 640K, reserved 1048576K
}

