# JRE version: OpenJDK Runtime Environment (8.0_112-b06) (build 1.8.0_112-release-b06)
# Java VM: OpenJDK 64-Bit Server VM (25.112-b06 mixed mode windows-amd64 compressed oops)
Heap:
 PSYoungGen      total 673792K, used 109965K [0x000000076ab00000, 0x00000007a2f80000, 0x00000007c0000000)
  eden space 547328K, 14% used [0x000000076ab00000,0x000000076f9e1700,0x000000078c180000)
  from space 126464K, 23% used [0x000000078c180000,0x000000078de01f78,0x0000000793d00000)
  to   space 135168K, 0% used [0x000000079ab80000,0x000000079ab80000,0x00000007a2f80000)
 ParOldGen       total 299520K, used 299474K [0x00000006c0000000, 0x00000006d2480000, 0x000000076ab00000)
  object space 299520K, 99% used [0x00000006c0000000,0x00000006d2474b70,0x00000006d2480000)
 Metaspace       used 6417K, capacity 7280K, committed 7552K, reserved 1056768K
  class space    used 586K, capacity 616K, committed 640K, reserved 1048576K
GC Heap History (10 events):
Event: 28.798 GC heap before
{Heap before GC invocations=10 (full 1):
 PSYoungGen      total 529920K, used 514364K [0x000000076ab00000, 0x0000000791400000, 0x00000007c0000000)
  eden space 478720K, 100% used [0x000000076ab00000,0x0000000787e80000,0x0000000787e80000)
  from space 51200K, 69% used [0x000000078c100000,0x000000078e3cf0e8,0x000000078f300000)
  to   space 68096K, 0% used [0x0000000787e80000,0x0000000787e80000,0x000000078c100000)
 ParOldGen       total 164864K, used 84510K [0x00000006c0000000, 0x00000006ca100000, 0x000000076ab00000)
  object space 164864K, 51% used [0x00000006c0000000,0x00000006c5287b88,0x00000006ca100000)
 Metaspace       used 6391K, capacity 7280K, committed 7552K, reserved 1056768K
  class space    used 586K, capacity 616K, committed 640K, reserved 1048576K
Event: 29.394 GC heap after
Heap after GC invocations=10 (full 1):
 PSYoungGen      total 546816K, used 68077K [0x000000076ab00000, 0x0000000799680000, 0x00000007c0000000)
  eden space 478720K, 0% used [0x000000076ab00000,0x000000076ab00000,0x0000000787e80000)
  from space 68096K, 99% used [0x0000000787e80000,0x000000078c0fb530,0x000000078c100000)
  to   space 91648K, 0% used [0x0000000793d00000,0x0000000793d00000,0x0000000799680000)
 ParOldGen       total 164864K, used 110617K [0x00000006c0000000, 0x00000006ca100000, 0x000000076ab00000)
  object space 164864K, 67% used [0x00000006c0000000,0x00000006c6c064e0,0x00000006ca100000)
 Metaspace       used 6391K, capacity 7280K, committed 7552K, reserved 1056768K
  class space    used 586K, capacity 616K, committed 640K, reserved 1048576K
}
Event: 38.126 GC heap before
{Heap before GC invocations=11 (full 1):
 PSYoungGen      total 546816K, used 546797K [0x000000076ab00000, 0x0000000799680000, 0x00000007c0000000)
  eden space 478720K, 100% used [0x000000076ab00000,0x0000000787e80000,0x0000000787e80000)
  from space 68096K, 99% used [0x0000000787e80000,0x000000078c0fb530,0x000000078c100000)
  to   space 91648K, 0% used [0x0000000793d00000,0x0000000793d00000,0x0000000799680000)
 ParOldGen       total 164864K, used 110617K [0x00000006c0000000, 0x00000006ca100000, 0x000000076ab00000)
  object space 164864K, 67% used [0x00000006c0000000,0x00000006c6c064e0,0x00000006ca100000)
 Metaspace       used 6412K, capacity 7280K, committed 7552K, reserved 1056768K
  class space    used 586K, capacity 616K, committed 640K, reserved 1048576K
Event: 38.870 GC heap after
Heap after GC invocations=11 (full 1):
 PSYoungGen      total 638976K, used 91645K [0x000000076ab00000, 0x000000079dd80000, 0x00000007c0000000)
  eden space 547328K, 0% used [0x000000076ab00000,0x000000076ab00000,0x000000078c180000)
  from space 91648K, 99% used [0x0000000793d00000,0x000000079967f5d8,0x0000000799680000)
  to   space 126464K, 0% used [0x000000078c180000,0x000000078c180000,0x0000000793d00000)
 ParOldGen       total 164864K, used 162461K [0x00000006c0000000, 0x00000006ca100000, 0x000000076ab00000)
  object space 164864K, 98% used [0x00000006c0000000,0x00000006c9ea7520,0x00000006ca100000)
 Metaspace       used 6412K, capacity 7280K, committed 7552K, reserved 1056768K
  class space    used 586K, capacity 616K, committed 640K, reserved 1048576K
}
Event: 38.870 GC heap before
{Heap before GC invocations=12 (full 2):
 PSYoungGen      total 638976K, used 91645K [0x000000076ab00000, 0x000000079dd80000, 0x00000007c0000000)
  eden space 547328K, 0% used [0x000000076ab00000,0x000000076ab00000,0x000000078c180000)
  from space 91648K, 99% used [0x0000000793d00000,0x000000079967f5d8,0x0000000799680000)
  to   space 126464K, 0% used [0x000000078c180000,0x000000078c180000,0x0000000793d00000)
 ParOldGen       total 164864K, used 162461K [0x00000006c0000000, 0x00000006ca100000, 0x000000076ab00000)
  object space 164864K, 98% used [0x00000006c0000000,0x00000006c9ea7520,0x00000006ca100000)
 Metaspace       used 6412K, capacity 7280K, committed 7552K, reserved 1056768K
  class space    used 586K, capacity 616K, committed 640K, reserved 1048576K
Event: 43.365 GC heap after
Heap after GC invocations=12 (full 2):
 PSYoungGen      total 638976K, used 80441K [0x000000076ab00000, 0x000000079dd80000, 0x00000007c0000000)
  eden space 547328K, 0% used [0x000000076ab00000,0x000000076ab00000,0x000000078c180000)
  from space 91648K, 87% used [0x0000000793d00000,0x0000000798b8e438,0x0000000799680000)
  to   space 126464K, 0% used [0x000000078c180000,0x000000078c180000,0x0000000793d00000)
 ParOldGen       total 299520K, used 164576K [0x00000006c0000000, 0x00000006d2480000, 0x000000076ab00000)
  object space 299520K, 54% used [0x00000006c0000000,0x00000006ca0b8178,0x00000006d2480000)
 Metaspace       used 6412K, capacity 7280K, committed 7552K, reserved 1056768K
  class space    used 586K, capacity 616K, committed 640K, reserved 1048576K
}
Event: 50.258 GC heap before
{Heap before GC invocations=13 (full 2):
 PSYoungGen      total 638976K, used 627769K [0x000000076ab00000, 0x000000079dd80000, 0x00000007c0000000)
  eden space 547328K, 100% used [0x000000076ab00000,0x000000078c180000,0x000000078c180000)
  from space 91648K, 87% used [0x0000000793d00000,0x0000000798b8e438,0x0000000799680000)
  to   space 126464K, 0% used [0x000000078c180000,0x000000078c180000,0x0000000793d00000)
 ParOldGen       total 299520K, used 164576K [0x00000006c0000000, 0x00000006d2480000, 0x000000076ab00000)
  object space 299520K, 54% used [0x00000006c0000000,0x00000006ca0b8178,0x00000006d2480000)
 Metaspace       used 6417K, capacity 7280K, committed 7552K, reserved 1056768K
  class space    used 586K, capacity 616K, committed 640K, reserved 1048576K
Event: 51.484 GC heap after
Heap after GC invocations=13 (full 2):
 PSYoungGen      total 673792K, used 88978K [0x000000076ab00000, 0x00000007a2f80000, 0x00000007c0000000)
  eden space 547328K, 0% used [0x000000076ab00000,0x000000076ab00000,0x000000078c180000)
  from space 126464K, 70% used [0x000000078c180000,0x0000000791864bb8,0x0000000793d00000)
  to   space 135168K, 0% used [0x000000079ab80000,0x000000079ab80000,0x00000007a2f80000)
 ParOldGen       total 299520K, used 245764K [0x00000006c0000000, 0x00000006d2480000, 0x000000076ab00000)
  object space 299520K, 82% used [0x00000006c0000000,0x00000006cf0012a8,0x00000006d2480000)
 Metaspace       used 6417K, capacity 7280K, committed 7552K, reserved 1056768K
  class space    used 586K, capacity 616K, committed 640K, reserved 1048576K
}
Event: 51.484 GC heap before
{Heap before GC invocations=14 (full 3):
 PSYoungGen      total 673792K, used 88978K [0x000000076ab00000, 0x00000007a2f80000, 0x00000007c0000000)
  eden space 547328K, 0% used [0x000000076ab00000,0x000000076ab00000,0x000000078c180000)
  from space 126464K, 70% used [0x000000078c180000,0x0000000791864bb8,0x0000000793d00000)
  to   space 135168K, 0% used [0x000000079ab80000,0x000000079ab80000,0x00000007a2f80000)
 ParOldGen       total 299520K, used 245764K [0x00000006c0000000, 0x00000006d2480000, 0x000000076ab00000)
  object space 299520K, 82% used [0x00000006c0000000,0x00000006cf0012a8,0x00000006d2480000)
 Metaspace       used 6417K, capacity 7280K, committed 7552K, reserved 1056768K
  class space    used 586K, capacity 616K, committed 640K, reserved 1048576K
Event: 56.321 GC heap after
Heap after GC invocations=14 (full 3):
 PSYoungGen      total 673792K, used 29191K [0x000000076ab00000, 0x00000007a2f80000, 0x00000007c0000000)
  eden space 547328K, 0% used [0x000000076ab00000,0x000000076ab00000,0x000000078c180000)
  from space 126464K, 23% used [0x000000078c180000,0x000000078de01f78,0x0000000793d00000)
  to   space 135168K, 0% used [0x000000079ab80000,0x000000079ab80000,0x00000007a2f80000)
 ParOldGen       total 299520K, used 299474K [0x00000006c0000000, 0x00000006d2480000, 0x000000076ab00000)
  object space 299520K, 99% used [0x00000006c0000000,0x00000006d2474b70,0x00000006d2480000)
 Metaspace       used 6417K, capacity 7280K, committed 7552K, reserved 1056768K
  class space    used 586K, capacity 616K, committed 640K, reserved 1048576K
}

